# SFTP Log

## Robyn
└─$ sftp -v robyn@54.195.24.109                                                                                         255 ⨯
OpenSSH_8.4p1 Debian-5, OpenSSL 1.1.1k  25 Mar 2021
debug1: Reading configuration data /etc/ssh/ssh_config
debug1: /etc/ssh/ssh_config line 19: include /etc/ssh/ssh_config.d/*.conf matched no files
debug1: /etc/ssh/ssh_config line 21: Applying options for *
debug1: Connecting to 54.195.24.109 [54.195.24.109] port 22.
debug1: Connection established.
debug1: identity file /home/bradley/.ssh/id_rsa type -1
debug1: identity file /home/bradley/.ssh/id_rsa-cert type -1
debug1: identity file /home/bradley/.ssh/id_dsa type -1
debug1: identity file /home/bradley/.ssh/id_dsa-cert type -1
debug1: identity file /home/bradley/.ssh/id_ecdsa type -1
debug1: identity file /home/bradley/.ssh/id_ecdsa-cert type -1
debug1: identity file /home/bradley/.ssh/id_ecdsa_sk type -1
debug1: identity file /home/bradley/.ssh/id_ecdsa_sk-cert type -1
debug1: identity file /home/bradley/.ssh/id_ed25519 type -1
debug1: identity file /home/bradley/.ssh/id_ed25519-cert type -1
debug1: identity file /home/bradley/.ssh/id_ed25519_sk type -1
debug1: identity file /home/bradley/.ssh/id_ed25519_sk-cert type -1
debug1: identity file /home/bradley/.ssh/id_xmss type -1
debug1: identity file /home/bradley/.ssh/id_xmss-cert type -1
debug1: Local version string SSH-2.0-OpenSSH_8.4p1 Debian-5
debug1: Remote protocol version 2.0, remote software version OpenSSH_5.9p1 Debian-5ubuntu1.4
debug1: match: OpenSSH_5.9p1 Debian-5ubuntu1.4 pat OpenSSH_5* compat 0x0c000002
debug1: Authenticating to 54.195.24.109:22 as 'robyn'
debug1: SSH2_MSG_KEXINIT sent
debug1: SSH2_MSG_KEXINIT received
debug1: kex: algorithm: curve25519-sha256@libssh.org
debug1: kex: host key algorithm: ssh-rsa
debug1: kex: server->client cipher: aes128-ctr MAC: hmac-sha2-256 compression: none
debug1: kex: client->server cipher: aes128-ctr MAC: hmac-sha2-256 compression: none
debug1: expecting SSH2_MSG_KEX_ECDH_REPLY
debug1: Server host key: ssh-rsa SHA256:C50P9Y7bfcBdgFPNz6AjK5/HhxHWokV5i50rRzc16tI
debug1: Host '54.195.24.109' is known and matches the RSA host key.
debug1: Found key in /home/bradley/.ssh/known_hosts:3
debug1: rekey out after 4294967296 blocks
debug1: SSH2_MSG_NEWKEYS sent
debug1: expecting SSH2_MSG_NEWKEYS
debug1: SSH2_MSG_NEWKEYS received
debug1: rekey in after 4294967296 blocks
debug1: Will attempt key: /home/bradley/.ssh/id_rsa 
debug1: Will attempt key: /home/bradley/.ssh/id_dsa 
debug1: Will attempt key: /home/bradley/.ssh/id_ecdsa 
debug1: Will attempt key: /home/bradley/.ssh/id_ecdsa_sk 
debug1: Will attempt key: /home/bradley/.ssh/id_ed25519 
debug1: Will attempt key: /home/bradley/.ssh/id_ed25519_sk 
debug1: Will attempt key: /home/bradley/.ssh/id_xmss 
debug1: SSH2_MSG_SERVICE_ACCEPT received
debug1: Authentications that can continue: publickey,password
debug1: Next authentication method: publickey
debug1: Trying private key: /home/bradley/.ssh/id_rsa
debug1: Trying private key: /home/bradley/.ssh/id_dsa
debug1: Trying private key: /home/bradley/.ssh/id_ecdsa
debug1: Trying private key: /home/bradley/.ssh/id_ecdsa_sk
debug1: Trying private key: /home/bradley/.ssh/id_ed25519
debug1: Trying private key: /home/bradley/.ssh/id_ed25519_sk
debug1: Trying private key: /home/bradley/.ssh/id_xmss
debug1: Next authentication method: password
robyn@54.195.24.109's password: 
debug1: Authentications that can continue: publickey,password
Permission denied, please try again.
robyn@54.195.24.109's password: 
debug1: Authentications that can continue: publickey,password
Permission denied, please try again.
robyn@54.195.24.109's password: 
debug1: Authentications that can continue: publickey,password
debug1: No more authentication methods to try.
robyn@54.195.24.109: Permission denied (publickey,password).
Connection closed.  
Connection closed


## Admin
└─$ sftp -v admin@54.195.24.109
OpenSSH_8.4p1 Debian-5, OpenSSL 1.1.1k  25 Mar 2021
debug1: Reading configuration data /etc/ssh/ssh_config
debug1: /etc/ssh/ssh_config line 19: include /etc/ssh/ssh_config.d/*.conf matched no files
debug1: /etc/ssh/ssh_config line 21: Applying options for *
debug1: Connecting to 54.195.24.109 [54.195.24.109] port 22.
debug1: Connection established.
debug1: identity file /home/bradley/.ssh/id_rsa type -1
debug1: identity file /home/bradley/.ssh/id_rsa-cert type -1
debug1: identity file /home/bradley/.ssh/id_dsa type -1
debug1: identity file /home/bradley/.ssh/id_dsa-cert type -1
debug1: identity file /home/bradley/.ssh/id_ecdsa type -1
debug1: identity file /home/bradley/.ssh/id_ecdsa-cert type -1
debug1: identity file /home/bradley/.ssh/id_ecdsa_sk type -1
debug1: identity file /home/bradley/.ssh/id_ecdsa_sk-cert type -1
debug1: identity file /home/bradley/.ssh/id_ed25519 type -1
debug1: identity file /home/bradley/.ssh/id_ed25519-cert type -1
debug1: identity file /home/bradley/.ssh/id_ed25519_sk type -1
debug1: identity file /home/bradley/.ssh/id_ed25519_sk-cert type -1
debug1: identity file /home/bradley/.ssh/id_xmss type -1
debug1: identity file /home/bradley/.ssh/id_xmss-cert type -1
debug1: Local version string SSH-2.0-OpenSSH_8.4p1 Debian-5
debug1: Remote protocol version 2.0, remote software version OpenSSH_5.9p1 Debian-5ubuntu1.4
debug1: match: OpenSSH_5.9p1 Debian-5ubuntu1.4 pat OpenSSH_5* compat 0x0c000002
debug1: Authenticating to 54.195.24.109:22 as 'admin'
debug1: SSH2_MSG_KEXINIT sent
debug1: SSH2_MSG_KEXINIT received
debug1: kex: algorithm: curve25519-sha256@libssh.org
debug1: kex: host key algorithm: ssh-rsa
debug1: kex: server->client cipher: aes128-ctr MAC: hmac-sha2-256 compression: none
debug1: kex: client->server cipher: aes128-ctr MAC: hmac-sha2-256 compression: none
debug1: expecting SSH2_MSG_KEX_ECDH_REPLY
debug1: Server host key: ssh-rsa SHA256:C50P9Y7bfcBdgFPNz6AjK5/HhxHWokV5i50rRzc16tI
debug1: Host '54.195.24.109' is known and matches the RSA host key.
debug1: Found key in /home/bradley/.ssh/known_hosts:3
debug1: rekey out after 4294967296 blocks
debug1: SSH2_MSG_NEWKEYS sent
debug1: expecting SSH2_MSG_NEWKEYS
debug1: SSH2_MSG_NEWKEYS received
debug1: rekey in after 4294967296 blocks
debug1: Will attempt key: /home/bradley/.ssh/id_rsa 
debug1: Will attempt key: /home/bradley/.ssh/id_dsa 
debug1: Will attempt key: /home/bradley/.ssh/id_ecdsa 
debug1: Will attempt key: /home/bradley/.ssh/id_ecdsa_sk 
debug1: Will attempt key: /home/bradley/.ssh/id_ed25519 
debug1: Will attempt key: /home/bradley/.ssh/id_ed25519_sk 
debug1: Will attempt key: /home/bradley/.ssh/id_xmss 
debug1: SSH2_MSG_SERVICE_ACCEPT received
debug1: Authentications that can continue: publickey,password
debug1: Next authentication method: publickey
debug1: Trying private key: /home/bradley/.ssh/id_rsa
debug1: Trying private key: /home/bradley/.ssh/id_dsa
debug1: Trying private key: /home/bradley/.ssh/id_ecdsa
debug1: Trying private key: /home/bradley/.ssh/id_ecdsa_sk
debug1: Trying private key: /home/bradley/.ssh/id_ed25519
debug1: Trying private key: /home/bradley/.ssh/id_ed25519_sk
debug1: Trying private key: /home/bradley/.ssh/id_xmss
debug1: Next authentication method: password
admin@54.195.24.109's password: 
debug1: Authentications that can continue: publickey,password
Permission denied, please try again.
admin@54.195.24.109's password: 

